Using pre-set license
Desktop is 1366 x 768 @ 60 Hz

 COMMAND LINE ARGUMENTS:
Unity
-adb2
-batchMode
-noUpm
-name
AssetImportWorker1
-projectPath
/home/urec/projects/zombya
-logFile
Logs/AssetImportWorker1.log
-srvPort
36963
Successfully changed project path to: /home/urec/projects/zombya
/home/urec/projects/zombya
Using Asset Import Pipeline V2.
Refreshing native plugins compatible for Editor in 106,26 ms, found 0 plugins.
Preloading 0 native plugins for Editor in 0,00 ms.
Initialize engine version: 2020.3.2f1 (8fd9074bf66c)
[Subsystems] Discovering subsystems at path /home/urec/Unity/Hub/Editor/2020.3.2f1/Editor/Data/Resources/UnitySubsystems
[Subsystems] Discovering subsystems at path /home/urec/projects/zombya/Assets
GLX Extensions: GLX_ARB_create_context GLX_ARB_create_context_no_error GLX_ARB_create_context_profile GLX_ARB_create_context_robustness GLX_ARB_fbconfig_float GLX_ARB_framebuffer_sRGB GLX_ARB_get_proc_address GLX_ARB_multisample GLX_EXT_buffer_age GLX_EXT_create_context_es2_profile GLX_EXT_create_context_es_profile GLX_EXT_fbconfig_packed_float GLX_EXT_framebuffer_sRGB GLX_EXT_import_context GLX_EXT_texture_from_pixmap GLX_EXT_visual_info GLX_EXT_visual_rating GLX_INTEL_swap_event GLX_MESA_copy_sub_buffer GLX_MESA_query_renderer GLX_MESA_swap_control GLX_OML_swap_method GLX_OML_sync_control GLX_SGIS_multisample GLX_SGIX_fbconfig GLX_SGIX_pbuffer GLX_SGIX_visual_select_group GLX_SGI_make_current_read GLX_SGI_swap_control GLX_SGI_video_sync 
Renderer: AMD KABINI (DRM 2.50.0, 5.4.0-70-generic, LLVM 10.0.0)
Vendor:   X.Org
Version:  4.5 (Core Profile) Mesa 20.0.8
GLES:     0
 GL_AMD_conservative_depth GL_AMD_depth_clamp_separate GL_AMD_draw_buffers_blend GL_AMD_gpu_shader_int64 GL_AMD_multi_draw_indirect GL_AMD_performance_monitor GL_AMD_pinned_memory GL_AMD_query_buffer_object GL_AMD_seamless_cubemap_per_texture GL_AMD_shader_stencil_export GL_AMD_shader_trinary_minmax GL_AMD_texture_texture4 GL_AMD_vertex_shader_layer GL_AMD_vertex_shader_viewport_index GL_ANGLE_texture_compression_dxt3 GL_ANGLE_texture_compression_dxt5 GL_ARB_ES2_compatibility GL_ARB_ES3_1_compatibility GL_ARB_ES3_2_compatibility GL_ARB_ES3_compatibility GL_ARB_arrays_of_arrays GL_ARB_base_instance GL_ARB_bindless_texture GL_ARB_blend_func_extended GL_ARB_buffer_storage GL_ARB_clear_buffer_object GL_ARB_clear_texture GL_ARB_clip_control GL_ARB_color_buffer_float GL_ARB_compressed_texture_pixel_storage GL_ARB_compute_shader GL_ARB_compute_variable_group_size GL_ARB_conditional_render_inverted GL_ARB_conservative_depth GL_ARB_copy_buffer GL_ARB_copy_image GL_ARB_cull_distance GL_ARB_debug_output GL_ARB_depth_bu
ffer_float GL_ARB_depth_clamp GL_ARB_derivative_control GL_ARB_direct_state_access GL_ARB_draw_buffers GL_ARB_draw_buffers_blend GL_ARB_draw_elements_base_vertex GL_ARB_draw_indirect GL_ARB_draw_instanced GL_ARB_enhanced_layouts GL_ARB_explicit_attrib_location GL_ARB_explicit_uniform_location GL_ARB_fragment_coord_conventions GL_ARB_fragment_layer_viewport GL_ARB_fragment_shader GL_ARB_framebuffer_no_attachments GL_ARB_framebuffer_object GL_ARB_framebuffer_sRGB GL_ARB_get_program_binary GL_ARB_get_texture_sub_image GL_ARB_gl_spirv GL_ARB_gpu_shader5 GL_ARB_gpu_shader_fp64 GL_ARB_gpu_shader_int64 GL_ARB_half_float_pixel GL_ARB_half_float_vertex GL_ARB_instanced_arrays GL_ARB_internalformat_query GL_ARB_internalformat_query2 GL_ARB_invalidate_subdata GL_ARB_map_buffer_alignment GL_ARB_map_buffer_range GL_ARB_multi_bind GL_ARB_multi_draw_indirect GL_ARB_occlusion_query2 GL_ARB_parallel_shader_compile GL_ARB_pipeline_statistics_query GL_ARB_pixel_buffer_object GL_ARB_point_sprite GL_ARB_polygon_offset_clamp GL_A
RB_program_interface_query GL_ARB_provoking_vertex GL_ARB_query_buffer_object GL_ARB_robust_buffer_access_behavior GL_ARB_robustness GL_ARB_sample_shading GL_ARB_sampler_objects GL_ARB_seamless_cube_map GL_ARB_seamless_cubemap_per_texture GL_ARB_separate_shader_objects GL_ARB_shader_atomic_counter_ops GL_ARB_shader_atomic_counters GL_ARB_shader_ballot GL_ARB_shader_bit_encoding GL_ARB_shader_clock GL_ARB_shader_group_vote GL_ARB_shader_image_load_store GL_ARB_shader_image_size GL_ARB_shader_objects GL_ARB_shader_precision GL_ARB_shader_stencil_export GL_ARB_shader_storage_buffer_object GL_ARB_shader_subroutine GL_ARB_shader_texture_image_samples GL_ARB_shader_texture_lod GL_ARB_shader_viewport_layer_array GL_ARB_shading_language_420pack GL_ARB_shading_language_include GL_ARB_shading_language_packing GL_ARB_spirv_extensions GL_ARB_stencil_texturing GL_ARB_sync GL_ARB_tessellation_shader GL_ARB_texture_barrier GL_ARB_texture_buffer_object GL_ARB_texture_buffer_object_rgb32 GL_ARB_texture_buffer_range GL_ARB_te
xture_compression_bptc GL_ARB_texture_compression_rgtc GL_ARB_texture_cube_map_array GL_ARB_texture_filter_anisotropic GL_ARB_texture_float GL_ARB_texture_gather GL_ARB_texture_mirror_clamp_to_edge GL_ARB_texture_multisample GL_ARB_texture_non_power_of_two GL_ARB_texture_query_levels GL_ARB_texture_query_lod GL_ARB_texture_rectangle GL_ARB_texture_rg GL_ARB_texture_rgb10_a2ui GL_ARB_texture_stencil8 GL_ARB_texture_storage GL_ARB_texture_storage_multisample GL_ARB_texture_swizzle GL_ARB_texture_view GL_ARB_timer_query GL_ARB_transform_feedback2 GL_ARB_transform_feedback3 GL_ARB_transform_feedback_instanced GL_ARB_transform_feedback_overflow_query GL_ARB_uniform_buffer_object GL_ARB_vertex_array_bgra GL_ARB_vertex_array_object GL_ARB_vertex_attrib_64bit GL_ARB_vertex_attrib_binding GL_ARB_vertex_buffer_object GL_ARB_vertex_shader GL_ARB_vertex_type_10f_11f_11f_rev GL_ARB_vertex_type_2_10_10_10_rev GL_ARB_viewport_array GL_ATI_blend_equation_separate GL_ATI_meminfo GL_ATI_texture_float GL_ATI_texture_mirror_onc
e GL_EXT_EGL_image_storage GL_EXT_EGL_sync GL_EXT_abgr GL_EXT_blend_equation_separate GL_EXT_depth_bounds_test GL_EXT_draw_buffers2 GL_EXT_draw_instanced GL_EXT_framebuffer_blit GL_EXT_framebuffer_multisample GL_EXT_framebuffer_multisample_blit_scaled GL_EXT_framebuffer_object GL_EXT_framebuffer_sRGB GL_EXT_memory_object GL_EXT_memory_object_fd GL_EXT_packed_depth_stencil GL_EXT_packed_float GL_EXT_pixel_buffer_object GL_EXT_polygon_offset_clamp GL_EXT_provoking_vertex GL_EXT_shader_image_load_formatted GL_EXT_shader_image_load_store GL_EXT_shader_integer_mix GL_EXT_shader_samples_identical GL_EXT_texture_array GL_EXT_texture_compression_dxt1 GL_EXT_texture_compression_rgtc GL_EXT_texture_compression_s3tc GL_EXT_texture_filter_anisotropic GL_EXT_texture_integer GL_EXT_texture_mirror_clamp GL_EXT_texture_sRGB GL_EXT_texture_sRGB_R8 GL_EXT_texture_sRGB_decode GL_EXT_texture_shared_exponent GL_EXT_texture_snorm GL_EXT_texture_swizzle GL_EXT_timer_query GL_EXT_transform_feedback GL_EXT_vertex_array_bgra GL_EXT_v
ertex_attrib_64bit GL_EXT_window_rectangles GL_IBM_multimode_draw_arrays GL_KHR_blend_equation_advanced GL_KHR_context_flush_control GL_KHR_debug GL_KHR_no_error GL_KHR_parallel_shader_compile GL_KHR_robust_buffer_access_behavior GL_KHR_robustness GL_KHR_texture_compression_astc_ldr GL_KHR_texture_compression_astc_sliced_3d GL_MESA_framebuffer_flip_y GL_MESA_pack_invert GL_MESA_shader_integer_functions GL_MESA_texture_signed_rgba GL_NVX_gpu_memory_info GL_NV_conditional_render GL_NV_depth_clamp GL_NV_packed_depth_stencil GL_NV_texture_barrier GL_NV_vdpau_interop GL_OES_EGL_image GL_S3_s3tc
OPENGL LOG: Creating OpenGL 4.5 graphics device ; Context level  <OpenGL 4.5> ; Context handle -60010992
Initialize mono
Mono path[0] = '/home/urec/Unity/Hub/Editor/2020.3.2f1/Editor/Data/Managed'
Mono path[1] = '/home/urec/Unity/Hub/Editor/2020.3.2f1/Editor/Data/MonoBleedingEdge/lib/mono/unityjit'
Mono config path = '/home/urec/Unity/Hub/Editor/2020.3.2f1/Editor/Data/MonoBleedingEdge/etc'
Using monoOptions --debugger-agent=transport=dt_socket,embedding=1,server=y,suspend=n,address=127.0.0.1:56631
Begin MonoManager ReloadAssembly
Registering precompiled unity dll's ...
Register platform support module: /home/urec/Unity/Hub/Editor/2020.3.2f1/Editor/Data/PlaybackEngines/WebGLSupport/UnityEditor.WebGL.Extensions.dll
Register platform support module: /home/urec/Unity/Hub/Editor/2020.3.2f1/Editor/Data/PlaybackEngines/WindowsStandaloneSupport/UnityEditor.WindowsStandalone.Extensions.dll
Register platform support module: /home/urec/Unity/Hub/Editor/2020.3.2f1/Editor/Data/PlaybackEngines/LinuxStandaloneSupport/UnityEditor.LinuxStandalone.Extensions.dll
Registered in 0,005634 seconds.
Native extension for LinuxStandalone target not found
Native extension for WindowsStandalone target not found
Native extension for WebGL target not found
Refreshing native plugins compatible for Editor in 117,15 ms, found 0 plugins.
Preloading 0 native plugins for Editor in 0,00 ms.
Invoked RoslynAnalysisRunner static constructor.
RoslynAnalysisRunner will not be running.
RoslynAnalysisRunner has terminated.
Mono: successfully reloaded assembly
- Completed reload, in  4,643 seconds
Platform modules already initialized, skipping
Registering precompiled user dll's ...
Registered in 0,001618 seconds.
Begin MonoManager ReloadAssembly
Native extension for LinuxStandalone target not found
Native extension for WindowsStandalone target not found
Native extension for WebGL target not found
Refreshing native plugins compatible for Editor in 0,85 ms, found 0 plugins.
Preloading 0 native plugins for Editor in 0,00 ms.
Invoked RoslynAnalysisRunner static constructor.
RoslynAnalysisRunner will not be running.
RoslynAnalysisRunner has terminated.
Mono: successfully reloaded assembly
- Completed reload, in  3,401 seconds
Platform modules already initialized, skipping
========================================================================
Worker process is ready to serve import requests
Launched and connected shader compiler UnityShaderCompiler after 0.05 seconds
Refreshing native plugins compatible for Editor in 0,91 ms, found 0 plugins.
Preloading 0 native plugins for Editor in 0,00 ms.
Unloading 1116 Unused Serialized files (Serialized files now loaded: 0)
System memory in use before: 51,5 MB.
System memory in use after: 51,5 MB.

Unloading 10 unused Assets to reduce memory usage. Loaded Objects now: 1558.
Total: 10,833830 ms (FindLiveObjects: 0,843044 ms CreateObjectMapping: 0,235920 ms MarkObjects: 9,370137 ms  DeleteObjects: 0,376434 ms)

========================================================================
Received Import Request.
  path: Assets
  artifactKey: Guid(00000000000000001000000000000000) Importer(815301076,1909f56bfc062723c751e8b465ee728b)
Start importing Assets using Guid(00000000000000001000000000000000) Importer(815301076,1909f56bfc062723c751e8b465ee728b)  -> (artifact id: '819a33a9bd799f71faca6db75e8a216c') in 0,224032 seconds
  Import took 0,231205 seconds .

========================================================================
Received Import Request.
  Time since last request: 270,430619 seconds.
  path: Assets/Scripts
  artifactKey: Guid(8646868af59cc9b25b88e66eec6d2dbc) Importer(815301076,1909f56bfc062723c751e8b465ee728b)
Start importing Assets/Scripts using Guid(8646868af59cc9b25b88e66eec6d2dbc) Importer(815301076,1909f56bfc062723c751e8b465ee728b)  -> (artifact id: '706bc656798abf1c00c1841a1d207013') in 0,025388 seconds
  Import took 0,057287 seconds .

========================================================================
Received Import Request.
  Time since last request: 345,929613 seconds.
  path: Assets/SimpleNaturePack
  artifactKey: Guid(d21aa95431bf02295a28512bb73e067d) Importer(815301076,1909f56bfc062723c751e8b465ee728b)
Start importing Assets/SimpleNaturePack using Guid(d21aa95431bf02295a28512bb73e067d) Importer(815301076,1909f56bfc062723c751e8b465ee728b)  -> (artifact id: 'fb25515b20df002f0a9346e3d5a6aaf5') in 0,789287 seconds
  Import took 0,865804 seconds .

========================================================================
Received Import Request.
  Time since last request: 11,923801 seconds.
  path: Assets/SimpleNaturePack/Scenes/SimpleNaturePack_Demo.unity
  artifactKey: Guid(5e7af4bd95ac53a4cb784a9eedf8f6f9) Importer(815301076,1909f56bfc062723c751e8b465ee728b)
Start importing Assets/SimpleNaturePack/Scenes/SimpleNaturePack_Demo.unity using Guid(5e7af4bd95ac53a4cb784a9eedf8f6f9) Importer(815301076,1909f56bfc062723c751e8b465ee728b)  -> (artifact id: '117c646d26da40188406d10725899c37') in 0,883183 seconds
  Import took 0,913644 seconds .

========================================================================
Received Import Request.
  Time since last request: 905,466658 seconds.
  path: Assets/New Folder
  artifactKey: Guid(914662a42680d35bf8726651accc739c) Importer(815301076,1909f56bfc062723c751e8b465ee728b)
Start importing Assets/New Folder using Guid(914662a42680d35bf8726651accc739c) Importer(815301076,1909f56bfc062723c751e8b465ee728b)  -> (artifact id: '9b04656143627941e886bea2c4e09d27') in 0,279613 seconds
  Import took 0,324296 seconds .

========================================================================
Received Import Request.
  Time since last request: 10,587707 seconds.
  path: Assets/Scripts
  artifactKey: Guid(914662a42680d35bf8726651accc739c) Importer(815301076,1909f56bfc062723c751e8b465ee728b)
Start importing Assets/Scripts using Guid(914662a42680d35bf8726651accc739c) Importer(815301076,1909f56bfc062723c751e8b465ee728b)  -> (artifact id: '8a142dd8eb360fd6aaf91d4b424c9c54') in 0,040216 seconds
  Import took 0,048018 seconds .

========================================================================
Received Import Request.
  Time since last request: 219,955755 seconds.
  path: Assets/Scenes
  artifactKey: Guid(481307bba1cf793729401a932bc1aa91) Importer(815301076,1909f56bfc062723c751e8b465ee728b)
Start importing Assets/Scenes using Guid(481307bba1cf793729401a932bc1aa91) Importer(815301076,1909f56bfc062723c751e8b465ee728b)  -> (artifact id: 'c6c100d014ef9397cbdfd7b011ee01c5') in 0,032235 seconds
  Import took 0,038324 seconds .

========================================================================
Received Import Request.
  Time since last request: 0,008865 seconds.
  path: Assets/Scenes
  artifactKey: Guid(481307bba1cf793729401a932bc1aa91) Importer(815301076,1909f56bfc062723c751e8b465ee728b)
Start importing Assets/Scenes using Guid(481307bba1cf793729401a932bc1aa91) Importer(815301076,1909f56bfc062723c751e8b465ee728b)  -> (artifact id: 'c6c100d014ef9397cbdfd7b011ee01c5') in 0,001963 seconds
  Import took 0,008679 seconds .

========================================================================
Received Import Request.
  Time since last request: 535,126049 seconds.
  path: Assets/Scanta
  artifactKey: Guid(e426ef22f11d0f3c09c607ef698c39af) Importer(815301076,1909f56bfc062723c751e8b465ee728b)
Start importing Assets/Scanta using Guid(e426ef22f11d0f3c09c607ef698c39af) Importer(815301076,1909f56bfc062723c751e8b465ee728b)  -> (artifact id: 'e8aeba37e40e8cbe5240fd50a7bfd892') in 0,051296 seconds
  Import took 0,076229 seconds .

========================================================================
Received Import Request.
  Time since last request: 40,221286 seconds.
  path: Assets/Scripts/NewBehaviourScript.cs
  artifactKey: Guid(ed598ef4e56b9f630bfac213c2d5b324) Importer(815301076,1909f56bfc062723c751e8b465ee728b)
Start importing Assets/Scripts/NewBehaviourScript.cs using Guid(ed598ef4e56b9f630bfac213c2d5b324) Importer(815301076,1909f56bfc062723c751e8b465ee728b)  -> (artifact id: 'aaaf9155ca95a5f76b7a850741a30517') in 0,014167 seconds
  Import took 0,054346 seconds .

========================================================================
Received Prepare
Registering precompiled user dll's ...
Registered in 0,001561 seconds.
Begin MonoManager ReloadAssembly
Native extension for LinuxStandalone target not found
Native extension for WindowsStandalone target not found
Native extension for WebGL target not found
Refreshing native plugins compatible for Editor in 0,87 ms, found 0 plugins.
Preloading 0 native plugins for Editor in 0,00 ms.
Invoked RoslynAnalysisRunner static constructor.
RoslynAnalysisRunner will not be running.
RoslynAnalysisRunner has terminated.
Mono: successfully reloaded assembly
- Completed reload, in  3,127 seconds
Platform modules already initialized, skipping
Refreshing native plugins compatible for Editor in 1,17 ms, found 0 plugins.
Preloading 0 native plugins for Editor in 0,00 ms.
Unloading 1110 Unused Serialized files (Serialized files now loaded: 0)
System memory in use before: 51,4 MB.
System memory in use after: 51,4 MB.

Unloading 5 unused Assets to reduce memory usage. Loaded Objects now: 1561.
Total: 9,479704 ms (FindLiveObjects: 0,661149 ms CreateObjectMapping: 0,163974 ms MarkObjects: 8,454931 ms  DeleteObjects: 0,193240 ms)

========================================================================
Received Prepare
Registering precompiled user dll's ...
Registered in 0,001577 seconds.
Begin MonoManager ReloadAssembly
Native extension for LinuxStandalone target not found
Native extension for WindowsStandalone target not found
Native extension for WebGL target not found
Refreshing native plugins compatible for Editor in 1,07 ms, found 0 plugins.
Preloading 0 native plugins for Editor in 0,00 ms.
Invoked RoslynAnalysisRunner static constructor.
RoslynAnalysisRunner will not be running.
RoslynAnalysisRunner has terminated.
Mono: successfully reloaded assembly
- Completed reload, in  3,194 seconds
Platform modules already initialized, skipping
Refreshing native plugins compatible for Editor in 0,86 ms, found 0 plugins.
Preloading 0 native plugins for Editor in 0,00 ms.
Unloading 1110 Unused Serialized files (Serialized files now loaded: 0)
System memory in use before: 51,4 MB.
System memory in use after: 51,5 MB.

Unloading 5 unused Assets to reduce memory usage. Loaded Objects now: 1564.
Total: 8,909813 ms (FindLiveObjects: 0,633917 ms CreateObjectMapping: 0,162477 ms MarkObjects: 7,941099 ms  DeleteObjects: 0,166454 ms)

========================================================================
Received Import Request.
  Time since last request: 66,707598 seconds.
  path: Assets/Scanta/Swagger Sloth/Prefabs
  artifactKey: Guid(aafbd48da0add466db29e819e1dbcb51) Importer(815301076,1909f56bfc062723c751e8b465ee728b)
Start importing Assets/Scanta/Swagger Sloth/Prefabs using Guid(aafbd48da0add466db29e819e1dbcb51) Importer(815301076,1909f56bfc062723c751e8b465ee728b)  -> (artifact id: '9f302352a45e65302e21011381d37f06') in 0,009260 seconds
  Import took 0,015610 seconds .

========================================================================
Received Import Request.
  Time since last request: 0,050193 seconds.
  path: Assets/Scanta/Swagger Sloth/Prefabs
  artifactKey: Guid(aafbd48da0add466db29e819e1dbcb51) Importer(815301076,1909f56bfc062723c751e8b465ee728b)
Start importing Assets/Scanta/Swagger Sloth/Prefabs using Guid(aafbd48da0add466db29e819e1dbcb51) Importer(815301076,1909f56bfc062723c751e8b465ee728b)  -> (artifact id: '9f302352a45e65302e21011381d37f06') in 0,001878 seconds
  Import took 0,008061 seconds .

========================================================================
Received Import Request.
  Time since last request: 1,441318 seconds.
  path: Assets/Scanta/Swagger Sloth/Models/walking.fbx
  artifactKey: Guid(8a10c8177dfff4d5ba144fd3b2bf0ec6) Importer(815301076,1909f56bfc062723c751e8b465ee728b)
Start importing Assets/Scanta/Swagger Sloth/Models/walking.fbx using Guid(8a10c8177dfff4d5ba144fd3b2bf0ec6) Importer(815301076,1909f56bfc062723c751e8b465ee728b)  -> (artifact id: '9422098432e11f0abf6bd3ff4f1054d9') in 1,938779 seconds
  Import took 1,947755 seconds .

========================================================================
Received Import Request.
  Time since last request: 83,168415 seconds.
  path: Assets/Scripts/cameraScript.cs
  artifactKey: Guid(f5bbc6902e614507b8890ab8a8faf326) Importer(815301076,1909f56bfc062723c751e8b465ee728b)
Start importing Assets/Scripts/cameraScript.cs using Guid(f5bbc6902e614507b8890ab8a8faf326) Importer(815301076,1909f56bfc062723c751e8b465ee728b)  -> (artifact id: '91477accf8460309fbb6a57d541089cd') in 0,003882 seconds
  Import took 0,010824 seconds .

========================================================================
Received Import Request.
  Time since last request: 0,009740 seconds.
  path: Assets/Scripts/cameraScript.cs
  artifactKey: Guid(f5bbc6902e614507b8890ab8a8faf326) Importer(815301076,1909f56bfc062723c751e8b465ee728b)
Start importing Assets/Scripts/cameraScript.cs using Guid(f5bbc6902e614507b8890ab8a8faf326) Importer(815301076,1909f56bfc062723c751e8b465ee728b)  -> (artifact id: '91477accf8460309fbb6a57d541089cd') in 0,004397 seconds
  Import took 0,011816 seconds .

========================================================================
Received Prepare
Registering precompiled user dll's ...
Registered in 0,001529 seconds.
Begin MonoManager ReloadAssembly
Native extension for LinuxStandalone target not found
Native extension for WindowsStandalone target not found
Native extension for WebGL target not found
Refreshing native plugins compatible for Editor in 0,97 ms, found 0 plugins.
Preloading 0 native plugins for Editor in 0,00 ms.
Invoked RoslynAnalysisRunner static constructor.
RoslynAnalysisRunner will not be running.
RoslynAnalysisRunner has terminated.
Mono: successfully reloaded assembly
- Completed reload, in  3,230 seconds
Platform modules already initialized, skipping
Refreshing native plugins compatible for Editor in 0,85 ms, found 0 plugins.
Preloading 0 native plugins for Editor in 0,00 ms.
Unloading 1111 Unused Serialized files (Serialized files now loaded: 0)
System memory in use before: 53,2 MB.
System memory in use after: 53,3 MB.

Unloading 6 unused Assets to reduce memory usage. Loaded Objects now: 1611.
Total: 7,787803 ms (FindLiveObjects: 0,556753 ms CreateObjectMapping: 0,118351 ms MarkObjects: 6,904172 ms  DeleteObjects: 0,203140 ms)

========================================================================
Received Prepare
Registering precompiled user dll's ...
Registered in 0,001591 seconds.
Begin MonoManager ReloadAssembly
Native extension for LinuxStandalone target not found
Native extension for WindowsStandalone target not found
Native extension for WebGL target not found
Refreshing native plugins compatible for Editor in 0,89 ms, found 0 plugins.
Preloading 0 native plugins for Editor in 0,00 ms.
Invoked RoslynAnalysisRunner static constructor.
RoslynAnalysisRunner will not be running.
RoslynAnalysisRunner has terminated.
Mono: successfully reloaded assembly
- Completed reload, in  3,247 seconds
Platform modules already initialized, skipping
Refreshing native plugins compatible for Editor in 0,92 ms, found 0 plugins.
Preloading 0 native plugins for Editor in 0,00 ms.
Unloading 1111 Unused Serialized files (Serialized files now loaded: 0)
System memory in use before: 53,2 MB.
System memory in use after: 53,3 MB.

Unloading 5 unused Assets to reduce memory usage. Loaded Objects now: 1614.
Total: 10,154220 ms (FindLiveObjects: 0,726262 ms CreateObjectMapping: 0,166966 ms MarkObjects: 9,091254 ms  DeleteObjects: 0,163085 ms)

========================================================================
Received Import Request.
  Time since last request: 275,147950 seconds.
  path: Assets/Scripts/cameraScript.cs
  artifactKey: Guid(f5bbc6902e614507b8890ab8a8faf326) Importer(815301076,1909f56bfc062723c751e8b465ee728b)
Start importing Assets/Scripts/cameraScript.cs using Guid(f5bbc6902e614507b8890ab8a8faf326) Importer(815301076,1909f56bfc062723c751e8b465ee728b)  -> (artifact id: 'd8430d3ee60327518044040e37ab6ecc') in 0,010391 seconds
  Import took 0,018594 seconds .

========================================================================
Received Prepare
Registering precompiled user dll's ...
Registered in 0,001790 seconds.
Begin MonoManager ReloadAssembly
Native extension for LinuxStandalone target not found
Native extension for WindowsStandalone target not found
Native extension for WebGL target not found
Refreshing native plugins compatible for Editor in 1,05 ms, found 0 plugins.
Preloading 0 native plugins for Editor in 0,00 ms.
Invoked RoslynAnalysisRunner static constructor.
RoslynAnalysisRunner will not be running.
RoslynAnalysisRunner has terminated.
Mono: successfully reloaded assembly
- Completed reload, in  3,465 seconds
Platform modules already initialized, skipping
Refreshing native plugins compatible for Editor in 0,89 ms, found 0 plugins.
Preloading 0 native plugins for Editor in 0,00 ms.
Unloading 1111 Unused Serialized files (Serialized files now loaded: 0)
System memory in use before: 53,2 MB.
System memory in use after: 53,3 MB.

Unloading 5 unused Assets to reduce memory usage. Loaded Objects now: 1617.
Total: 10,363826 ms (FindLiveObjects: 0,922873 ms CreateObjectMapping: 0,275393 ms MarkObjects: 8,963477 ms  DeleteObjects: 0,194795 ms)

========================================================================
Received Prepare
Registering precompiled user dll's ...
Registered in 0,001649 seconds.
Begin MonoManager ReloadAssembly
Native extension for LinuxStandalone target not found
Native extension for WindowsStandalone target not found
Native extension for WebGL target not found
Refreshing native plugins compatible for Editor in 1,04 ms, found 0 plugins.
Preloading 0 native plugins for Editor in 0,00 ms.
Invoked RoslynAnalysisRunner static constructor.
RoslynAnalysisRunner will not be running.
RoslynAnalysisRunner has terminated.
Mono: successfully reloaded assembly
- Completed reload, in  3,412 seconds
Platform modules already initialized, skipping
Refreshing native plugins compatible for Editor in 0,94 ms, found 0 plugins.
Preloading 0 native plugins for Editor in 0,00 ms.
Unloading 1111 Unused Serialized files (Serialized files now loaded: 0)
System memory in use before: 53,2 MB.
System memory in use after: 53,3 MB.

Unloading 5 unused Assets to reduce memory usage. Loaded Objects now: 1620.
Total: 9,413435 ms (FindLiveObjects: 0,734066 ms CreateObjectMapping: 0,184807 ms MarkObjects: 8,283343 ms  DeleteObjects: 0,204964 ms)

========================================================================
Received Import Request.
  Time since last request: 167,064035 seconds.
  path: Assets/Scripts/cameraScript.cs
  artifactKey: Guid(f5bbc6902e614507b8890ab8a8faf326) Importer(815301076,1909f56bfc062723c751e8b465ee728b)
Start importing Assets/Scripts/cameraScript.cs using Guid(f5bbc6902e614507b8890ab8a8faf326) Importer(815301076,1909f56bfc062723c751e8b465ee728b)  -> (artifact id: 'b18bd714ff5c5b57d9df55e23ab227ff') in 0,009153 seconds
  Import took 0,015738 seconds .

========================================================================
Received Import Request.
  Time since last request: 0,017646 seconds.
  path: Assets/Scripts/cameraScript.cs
  artifactKey: Guid(f5bbc6902e614507b8890ab8a8faf326) Importer(815301076,1909f56bfc062723c751e8b465ee728b)
Start importing Assets/Scripts/cameraScript.cs using Guid(f5bbc6902e614507b8890ab8a8faf326) Importer(815301076,1909f56bfc062723c751e8b465ee728b)  -> (artifact id: 'b18bd714ff5c5b57d9df55e23ab227ff') in 0,002138 seconds
  Import took 0,008849 seconds .

========================================================================
Received Prepare
Registering precompiled user dll's ...
Registered in 0,002010 seconds.
Begin MonoManager ReloadAssembly
Native extension for LinuxStandalone target not found
Native extension for WindowsStandalone target not found
Native extension for WebGL target not found
Refreshing native plugins compatible for Editor in 0,92 ms, found 0 plugins.
Preloading 0 native plugins for Editor in 0,00 ms.
Invoked RoslynAnalysisRunner static constructor.
RoslynAnalysisRunner will not be running.
RoslynAnalysisRunner has terminated.
Mono: successfully reloaded assembly
- Completed reload, in  3,738 seconds
Platform modules already initialized, skipping
Refreshing native plugins compatible for Editor in 0,89 ms, found 0 plugins.
Preloading 0 native plugins for Editor in 0,00 ms.
Unloading 1111 Unused Serialized files (Serialized files now loaded: 0)
System memory in use before: 53,2 MB.
System memory in use after: 53,3 MB.

Unloading 5 unused Assets to reduce memory usage. Loaded Objects now: 1623.
Total: 9,588547 ms (FindLiveObjects: 0,873181 ms CreateObjectMapping: 0,163109 ms MarkObjects: 8,273933 ms  DeleteObjects: 0,269925 ms)

========================================================================
Received Prepare
Registering precompiled user dll's ...
Registered in 0,001591 seconds.
Begin MonoManager ReloadAssembly
Native extension for LinuxStandalone target not found
Native extension for WindowsStandalone target not found
Native extension for WebGL target not found
Refreshing native plugins compatible for Editor in 0,84 ms, found 0 plugins.
Preloading 0 native plugins for Editor in 0,00 ms.
Invoked RoslynAnalysisRunner static constructor.
RoslynAnalysisRunner will not be running.
RoslynAnalysisRunner has terminated.
Mono: successfully reloaded assembly
- Completed reload, in  3,220 seconds
Platform modules already initialized, skipping
Refreshing native plugins compatible for Editor in 0,93 ms, found 0 plugins.
Preloading 0 native plugins for Editor in 0,00 ms.
Unloading 1111 Unused Serialized files (Serialized files now loaded: 0)
System memory in use before: 53,2 MB.
System memory in use after: 53,3 MB.

Unloading 5 unused Assets to reduce memory usage. Loaded Objects now: 1626.
Total: 13,318437 ms (FindLiveObjects: 0,701144 ms CreateObjectMapping: 0,193323 ms MarkObjects: 12,218117 ms  DeleteObjects: 0,198458 ms)

========================================================================
Received Prepare
Registering precompiled user dll's ...
Registered in 0,001514 seconds.
Begin MonoManager ReloadAssembly
Native extension for LinuxStandalone target not found
Native extension for WindowsStandalone target not found
Native extension for WebGL target not found
Refreshing native plugins compatible for Editor in 0,84 ms, found 0 plugins.
Preloading 0 native plugins for Editor in 0,00 ms.
Invoked RoslynAnalysisRunner static constructor.
RoslynAnalysisRunner will not be running.
RoslynAnalysisRunner has terminated.
Mono: successfully reloaded assembly
- Completed reload, in  3,221 seconds
Platform modules already initialized, skipping
Refreshing native plugins compatible for Editor in 0,92 ms, found 0 plugins.
Preloading 0 native plugins for Editor in 0,00 ms.
Unloading 1111 Unused Serialized files (Serialized files now loaded: 0)
System memory in use before: 53,2 MB.
System memory in use after: 53,3 MB.

Unloading 5 unused Assets to reduce memory usage. Loaded Objects now: 1629.
Total: 8,301268 ms (FindLiveObjects: 0,625065 ms CreateObjectMapping: 0,138329 ms MarkObjects: 7,343737 ms  DeleteObjects: 0,187014 ms)

========================================================================
Received Prepare
Registering precompiled user dll's ...
Registered in 0,001537 seconds.
Begin MonoManager ReloadAssembly
Native extension for LinuxStandalone target not found
Native extension for WindowsStandalone target not found
Native extension for WebGL target not found
Refreshing native plugins compatible for Editor in 0,88 ms, found 0 plugins.
Preloading 0 native plugins for Editor in 0,00 ms.
Invoked RoslynAnalysisRunner static constructor.
RoslynAnalysisRunner will not be running.
RoslynAnalysisRunner has terminated.
Mono: successfully reloaded assembly
- Completed reload, in  3,226 seconds
Platform modules already initialized, skipping
Refreshing native plugins compatible for Editor in 0,96 ms, found 0 plugins.
Preloading 0 native plugins for Editor in 0,00 ms.
Unloading 1111 Unused Serialized files (Serialized files now loaded: 0)
System memory in use before: 53,2 MB.
System memory in use after: 53,3 MB.

Unloading 5 unused Assets to reduce memory usage. Loaded Objects now: 1632.
Total: 9,010046 ms (FindLiveObjects: 0,724041 ms CreateObjectMapping: 0,221156 ms MarkObjects: 7,679933 ms  DeleteObjects: 0,379257 ms)

========================================================================
Received Prepare
Registering precompiled user dll's ...
Registered in 0,001817 seconds.
Begin MonoManager ReloadAssembly
Native extension for LinuxStandalone target not found
Native extension for WindowsStandalone target not found
Native extension for WebGL target not found
Refreshing native plugins compatible for Editor in 0,91 ms, found 0 plugins.
Preloading 0 native plugins for Editor in 0,00 ms.
Invoked RoslynAnalysisRunner static constructor.
RoslynAnalysisRunner will not be running.
RoslynAnalysisRunner has terminated.
Mono: successfully reloaded assembly
- Completed reload, in  3,238 seconds
Platform modules already initialized, skipping
Refreshing native plugins compatible for Editor in 0,82 ms, found 0 plugins.
Preloading 0 native plugins for Editor in 0,00 ms.
Unloading 1111 Unused Serialized files (Serialized files now loaded: 0)
System memory in use before: 53,2 MB.
System memory in use after: 53,3 MB.

Unloading 5 unused Assets to reduce memory usage. Loaded Objects now: 1635.
Total: 9,848045 ms (FindLiveObjects: 0,814236 ms CreateObjectMapping: 0,213201 ms MarkObjects: 8,606648 ms  DeleteObjects: 0,207414 ms)

========================================================================
Received Prepare
Registering precompiled user dll's ...
Registered in 0,001519 seconds.
Begin MonoManager ReloadAssembly
Native extension for LinuxStandalone target not found
Native extension for WindowsStandalone target not found
Native extension for WebGL target not found
Refreshing native plugins compatible for Editor in 0,85 ms, found 0 plugins.
Preloading 0 native plugins for Editor in 0,00 ms.
Invoked RoslynAnalysisRunner static constructor.
RoslynAnalysisRunner will not be running.
RoslynAnalysisRunner has terminated.
Mono: successfully reloaded assembly
- Completed reload, in  3,232 seconds
Platform modules already initialized, skipping
Refreshing native plugins compatible for Editor in 0,97 ms, found 0 plugins.
Preloading 0 native plugins for Editor in 0,00 ms.
Unloading 1111 Unused Serialized files (Serialized files now loaded: 0)
System memory in use before: 53,2 MB.
System memory in use after: 53,3 MB.

Unloading 5 unused Assets to reduce memory usage. Loaded Objects now: 1638.
Total: 10,567336 ms (FindLiveObjects: 0,741860 ms CreateObjectMapping: 0,162729 ms MarkObjects: 9,467837 ms  DeleteObjects: 0,185925 ms)

========================================================================
Received Prepare
Registering precompiled user dll's ...
Registered in 0,001679 seconds.
Begin MonoManager ReloadAssembly
Native extension for LinuxStandalone target not found
Native extension for WindowsStandalone target not found
Native extension for WebGL target not found
Refreshing native plugins compatible for Editor in 1,12 ms, found 0 plugins.
Preloading 0 native plugins for Editor in 0,00 ms.
Invoked RoslynAnalysisRunner static constructor.
RoslynAnalysisRunner will not be running.
RoslynAnalysisRunner has terminated.
Mono: successfully reloaded assembly
- Completed reload, in  3,315 seconds
Platform modules already initialized, skipping
Refreshing native plugins compatible for Editor in 0,84 ms, found 0 plugins.
Preloading 0 native plugins for Editor in 0,00 ms.
Unloading 1111 Unused Serialized files (Serialized files now loaded: 0)
System memory in use before: 53,3 MB.
System memory in use after: 53,3 MB.

Unloading 5 unused Assets to reduce memory usage. Loaded Objects now: 1641.
Total: 11,866276 ms (FindLiveObjects: 0,700624 ms CreateObjectMapping: 0,180420 ms MarkObjects: 10,802997 ms  DeleteObjects: 0,176266 ms)

========================================================================
Received Prepare
Registering precompiled user dll's ...
Registered in 0,001644 seconds.
Begin MonoManager ReloadAssembly
Native extension for LinuxStandalone target not found
Native extension for WindowsStandalone target not found
Native extension for WebGL target not found
Refreshing native plugins compatible for Editor in 0,91 ms, found 0 plugins.
Preloading 0 native plugins for Editor in 0,00 ms.
Invoked RoslynAnalysisRunner static constructor.
RoslynAnalysisRunner will not be running.
RoslynAnalysisRunner has terminated.
Mono: successfully reloaded assembly
- Completed reload, in  3,170 seconds
Platform modules already initialized, skipping
Refreshing native plugins compatible for Editor in 0,88 ms, found 0 plugins.
Preloading 0 native plugins for Editor in 0,00 ms.
Unloading 1111 Unused Serialized files (Serialized files now loaded: 0)
System memory in use before: 53,3 MB.
System memory in use after: 53,4 MB.

Unloading 5 unused Assets to reduce memory usage. Loaded Objects now: 1644.
Total: 10,294422 ms (FindLiveObjects: 0,561885 ms CreateObjectMapping: 0,116808 ms MarkObjects: 9,384287 ms  DeleteObjects: 0,225001 ms)

========================================================================
Received Prepare
Registering precompiled user dll's ...
Registered in 0,001644 seconds.
Begin MonoManager ReloadAssembly
Native extension for LinuxStandalone target not found
Native extension for WindowsStandalone target not found
Native extension for WebGL target not found
Refreshing native plugins compatible for Editor in 0,96 ms, found 0 plugins.
Preloading 0 native plugins for Editor in 0,00 ms.
Invoked RoslynAnalysisRunner static constructor.
RoslynAnalysisRunner will not be running.
RoslynAnalysisRunner has terminated.
Mono: successfully reloaded assembly
- Completed reload, in  3,224 seconds
Platform modules already initialized, skipping
Refreshing native plugins compatible for Editor in 0,81 ms, found 0 plugins.
Preloading 0 native plugins for Editor in 0,00 ms.
Unloading 1111 Unused Serialized files (Serialized files now loaded: 0)
System memory in use before: 53,3 MB.
System memory in use after: 53,4 MB.

Unloading 5 unused Assets to reduce memory usage. Loaded Objects now: 1647.
Total: 10,205405 ms (FindLiveObjects: 0,695770 ms CreateObjectMapping: 0,195010 ms MarkObjects: 9,145139 ms  DeleteObjects: 0,163716 ms)

========================================================================
Received Prepare
Registering precompiled user dll's ...
Registered in 0,001680 seconds.
Begin MonoManager ReloadAssembly
Native extension for LinuxStandalone target not found
Native extension for WindowsStandalone target not found
Native extension for WebGL target not found
Refreshing native plugins compatible for Editor in 0,85 ms, found 0 plugins.
Preloading 0 native plugins for Editor in 0,00 ms.
Invoked RoslynAnalysisRunner static constructor.
RoslynAnalysisRunner will not be running.
RoslynAnalysisRunner has terminated.
Mono: successfully reloaded assembly
- Completed reload, in  3,266 seconds
Platform modules already initialized, skipping
Refreshing native plugins compatible for Editor in 1,01 ms, found 0 plugins.
Preloading 0 native plugins for Editor in 0,00 ms.
Unloading 1111 Unused Serialized files (Serialized files now loaded: 0)
System memory in use before: 53,3 MB.
System memory in use after: 53,4 MB.

Unloading 5 unused Assets to reduce memory usage. Loaded Objects now: 1650.
Total: 7,665799 ms (FindLiveObjects: 0,554516 ms CreateObjectMapping: 0,114344 ms MarkObjects: 6,824260 ms  DeleteObjects: 0,167884 ms)

========================================================================
Received Prepare
Registering precompiled user dll's ...
Registered in 0,001562 seconds.
Begin MonoManager ReloadAssembly
Native extension for LinuxStandalone target not found
Native extension for WindowsStandalone target not found
Native extension for WebGL target not found
Refreshing native plugins compatible for Editor in 0,84 ms, found 0 plugins.
Preloading 0 native plugins for Editor in 0,00 ms.
Invoked RoslynAnalysisRunner static constructor.
RoslynAnalysisRunner will not be running.
RoslynAnalysisRunner has terminated.
Mono: successfully reloaded assembly
- Completed reload, in  3,191 seconds
Platform modules already initialized, skipping
Refreshing native plugins compatible for Editor in 0,84 ms, found 0 plugins.
Preloading 0 native plugins for Editor in 0,00 ms.
Unloading 1111 Unused Serialized files (Serialized files now loaded: 0)
System memory in use before: 53,3 MB.
System memory in use after: 53,4 MB.

Unloading 5 unused Assets to reduce memory usage. Loaded Objects now: 1653.
Total: 9,770039 ms (FindLiveObjects: 0,686906 ms CreateObjectMapping: 0,192270 ms MarkObjects: 8,692982 ms  DeleteObjects: 0,191524 ms)

========================================================================
Received Import Request.
  Time since last request: 952,534020 seconds.
  path: Assets/SimpleNaturePack/Scenes/SimpleNaturePack_Demo.unity
  artifactKey: Guid(5e7af4bd95ac53a4cb784a9eedf8f6f9) Importer(815301076,1909f56bfc062723c751e8b465ee728b)
Start importing Assets/SimpleNaturePack/Scenes/SimpleNaturePack_Demo.unity using Guid(5e7af4bd95ac53a4cb784a9eedf8f6f9) Importer(815301076,1909f56bfc062723c751e8b465ee728b)  -> (artifact id: '3c805edc14fba5c0757d81ebec74d72a') in 0,065984 seconds
  Import took 0,072786 seconds .

